Using pre-set license
Built from '2020.3/release' branch; Version is '2020.3.2f1 (8fd9074bf66c) revision 9427207'; Using compiler version '192528614'; Build Type 'Release'
OS: 'Windows 10 Home Single Language; OS build 19042.1288; Version 2009; 64bit' Language: 'ru' Physical Memory: 8039 MB
BatchMode: 1, IsHumanControllingUs: 0, StartBugReporterOnCrash: 0, Is64bit: 1, IsPro: 0

 COMMAND LINE ARGUMENTS:
C:\Program Files\Unity\Hub\Editor\2020.3.2f1\Editor\Unity.exe
-adb2
-batchMode
-noUpm
-name
AssetImportWorker0
-projectPath
C:/Users/natab/OneDrive/Рабочий стол/Учеба/ПТГ Юнити/Lab2.1
-logFile
Logs/AssetImportWorker0.log
-srvPort
64996
Successfully changed project path to: C:/Users/natab/OneDrive/Рабочий стол/Учеба/ПТГ Юнити/Lab2.1
C:/Users/natab/OneDrive/Рабочий стол/Учеба/ПТГ Юнити/Lab2.1
Using Asset Import Pipeline V2.
Refreshing native plugins compatible for Editor in 31.85 ms, found 0 plugins.
Preloading 0 native plugins for Editor in 0.00 ms.
Initialize engine version: 2020.3.2f1 (8fd9074bf66c)
[Subsystems] Discovering subsystems at path C:/Program Files/Unity/Hub/Editor/2020.3.2f1/Editor/Data/Resources/UnitySubsystems
[Subsystems] Discovering subsystems at path C:/Users/natab/OneDrive/Рабочий стол/Учеба/ПТГ Юнити/Lab2.1/Assets
GfxDevice: creating device client; threaded=0
Direct3D:
    Version:  Direct3D 11.0 [level 11.1]
    Renderer: NVIDIA GeForce MX230 (ID=0x1d11)
    Vendor:   
    VRAM:     1984 MB
    Driver:   27.21.14.6089
Initialize mono
Mono path[0] = 'C:/Program Files/Unity/Hub/Editor/2020.3.2f1/Editor/Data/Managed'
Mono path[1] = 'C:/Program Files/Unity/Hub/Editor/2020.3.2f1/Editor/Data/MonoBleedingEdge/lib/mono/unityjit'
Mono config path = 'C:/Program Files/Unity/Hub/Editor/2020.3.2f1/Editor/Data/MonoBleedingEdge/etc'
Using monoOptions --debugger-agent=transport=dt_socket,embedding=1,server=y,suspend=n,address=127.0.0.1:56388
Begin MonoManager ReloadAssembly
Registering precompiled unity dll's ...
Register platform support module: C:/Program Files/Unity/Hub/Editor/2020.3.2f1/Editor/Data/PlaybackEngines/WebGLSupport/UnityEditor.WebGL.Extensions.dll
Register platform support module: C:/Program Files/Unity/Hub/Editor/2020.3.2f1/Editor/Data/PlaybackEngines/WindowsStandaloneSupport/UnityEditor.WindowsStandalone.Extensions.dll
Registered in 0.007357 seconds.
Native extension for WindowsStandalone target not found
Native extension for WebGL target not found
Refreshing native plugins compatible for Editor in 28.33 ms, found 0 plugins.
Preloading 0 native plugins for Editor in 0.00 ms.
Invoked RoslynAnalysisRunner static constructor.
RoslynAnalysisRunner will not be running.
RoslynAnalysisRunner has terminated.
Mono: successfully reloaded assembly
- Completed reload, in  3.362 seconds
Platform modules already initialized, skipping
Registering precompiled user dll's ...
Registered in 0.004704 seconds.
Begin MonoManager ReloadAssembly
Native extension for WindowsStandalone target not found
Native extension for WebGL target not found
Refreshing native plugins compatible for Editor in 0.28 ms, found 0 plugins.
Preloading 0 native plugins for Editor in 0.00 ms.
Invoked RoslynAnalysisRunner static constructor.
RoslynAnalysisRunner will not be running.
RoslynAnalysisRunner has terminated.
Mono: successfully reloaded assembly
- Completed reload, in  1.508 seconds
Platform modules already initialized, skipping
========================================================================
Worker process is ready to serve import requests
Launched and connected shader compiler UnityShaderCompiler.exe after 0.05 seconds
Refreshing native plugins compatible for Editor in 0.29 ms, found 0 plugins.
Preloading 0 native plugins for Editor in 0.00 ms.
Unloading 1507 Unused Serialized files (Serialized files now loaded: 0)
System memory in use before: 77.4 MB.
System memory in use after: 77.4 MB.

Unloading 11 unused Assets to reduce memory usage. Loaded Objects now: 1954.
Total: 2.890700 ms (FindLiveObjects: 0.317700 ms CreateObjectMapping: 0.172000 ms MarkObjects: 2.319600 ms  DeleteObjects: 0.079500 ms)

========================================================================
Received Import Request.
  path: Assets/Scenes/SampleScene.unity
  artifactKey: Guid(9fc0d4010bbf28b4594072e72b8655ab) Importer(815301076,1909f56bfc062723c751e8b465ee728b)
Start importing Assets/Scenes/SampleScene.unity using Guid(9fc0d4010bbf28b4594072e72b8655ab) Importer(815301076,1909f56bfc062723c751e8b465ee728b)  -> (artifact id: 'bcf01ff72b6110594bdc7b1f52222d94') in 0.023968 seconds
  Import took 0.027766 seconds .

========================================================================
Received Import Request.
  Time since last request: 29.390348 seconds.
  path: Assets/scr/AnimScr.cs
  artifactKey: Guid(83aedcc0feebbb94299d9f815369843f) Importer(815301076,1909f56bfc062723c751e8b465ee728b)
Start importing Assets/scr/AnimScr.cs using Guid(83aedcc0feebbb94299d9f815369843f) Importer(815301076,1909f56bfc062723c751e8b465ee728b)  -> (artifact id: 'c5683faefa42b981538b1c5a81305546') in 0.040246 seconds
  Import took 0.044053 seconds .

========================================================================
Received Import Request.
  Time since last request: 137.950796 seconds.
  path: Assets/scr/Jumping.cs
  artifactKey: Guid(0b0a816f0e30a5d42bb544f1eae8a2a0) Importer(815301076,1909f56bfc062723c751e8b465ee728b)
Start importing Assets/scr/Jumping.cs using Guid(0b0a816f0e30a5d42bb544f1eae8a2a0) Importer(815301076,1909f56bfc062723c751e8b465ee728b)  -> (artifact id: '8bae8aeb38b0a9aa73c851fc25455a34') in 0.008856 seconds
  Import took 0.014473 seconds .

========================================================================
Received Import Request.
  Time since last request: 0.001190 seconds.
  path: Assets/scr/Jumping.cs
  artifactKey: Guid(0b0a816f0e30a5d42bb544f1eae8a2a0) Importer(815301076,1909f56bfc062723c751e8b465ee728b)
Start importing Assets/scr/Jumping.cs using Guid(0b0a816f0e30a5d42bb544f1eae8a2a0) Importer(815301076,1909f56bfc062723c751e8b465ee728b)  -> (artifact id: '8bae8aeb38b0a9aa73c851fc25455a34') in 0.004621 seconds
  Import took 0.010819 seconds .

========================================================================
Received Import Request.
  Time since last request: 243.589878 seconds.
  path: Assets/Scenes/Material/FloorColor.mat
  artifactKey: Guid(a5a29ac05138cd84fa06663727331148) Importer(815301076,1909f56bfc062723c751e8b465ee728b)
Start importing Assets/Scenes/Material/FloorColor.mat using Guid(a5a29ac05138cd84fa06663727331148) Importer(815301076,1909f56bfc062723c751e8b465ee728b)  -> (artifact id: '5174d8837c640eb98ebc8dfdd014a98d') in 0.167772 seconds
  Import took 0.174039 seconds .

========================================================================
Received Import Request.
  Time since last request: 0.019684 seconds.
  path: Assets/Scenes/Material/FloorColor.mat
  artifactKey: Guid(a5a29ac05138cd84fa06663727331148) Importer(815301076,1909f56bfc062723c751e8b465ee728b)
Start importing Assets/Scenes/Material/FloorColor.mat using Guid(a5a29ac05138cd84fa06663727331148) Importer(815301076,1909f56bfc062723c751e8b465ee728b)  -> (artifact id: '5174d8837c640eb98ebc8dfdd014a98d') in 0.021945 seconds
  Import took 0.026659 seconds .

========================================================================
Received Import Request.
  Time since last request: 1.834831 seconds.
  path: Assets/3rdPerson+Fly/Models/char_shadow.fbx
  artifactKey: Guid(fa0856ce0c0b3fb42af36e6c53346129) Importer(815301076,1909f56bfc062723c751e8b465ee728b)
Start importing Assets/3rdPerson+Fly/Models/char_shadow.fbx using Guid(fa0856ce0c0b3fb42af36e6c53346129) Importer(815301076,1909f56bfc062723c751e8b465ee728b)  -> (artifact id: '0a082a06c9e8b749db011709d5c6279c') in 0.095738 seconds
  Import took 0.099624 seconds .

========================================================================
Received Import Request.
  Time since last request: 0.000296 seconds.
  path: Assets/3rdPerson+Fly/Models/env.fbx
  artifactKey: Guid(43060da07e259604d8ac81b964f96459) Importer(815301076,1909f56bfc062723c751e8b465ee728b)
Start importing Assets/3rdPerson+Fly/Models/env.fbx using Guid(43060da07e259604d8ac81b964f96459) Importer(815301076,1909f56bfc062723c751e8b465ee728b)  -> (artifact id: '513a2b9c24b6fa6d98b7a2eb50d9a874') in 0.068651 seconds
  Import took 0.071445 seconds .

AssetImportWorkerClient::OnTransportError - code=2 error=End of file
